        -:    0:Source:btree.c
        -:    0:Graph:btree.gcno
        -:    0:Data:btree.gcda
        -:    0:Runs:1
        -:    0:Programs:1
        -:    1:#include <stdio.h>
        -:    2:#include <stdlib.h>
        -:    3:#include <assert.h>
        -:    4:
        -:    5:#define MAX 4
        -:    6:#define MIN 2
        -:    7:
        -:    8:#define NUM_TEST_INPUT 100
        -:    9:
        -:   10:struct btreeNode {
        -:   11:	int val[MAX + 1], count;
        -:   12:	struct btreeNode *link[MAX + 1];
        -:   13:};
        -:   14:
        -:   15:struct btreeNode *root;
        -:   16:
        -:   17:/* creating new node */
        3:   18:struct btreeNode * createNode(int val, struct btreeNode *child) {
        -:   19:	struct btreeNode *newNode;
        3:   20:	newNode = (struct btreeNode *)malloc(sizeof(struct btreeNode));
        3:   21:	newNode->val[1] = val;
        3:   22:	newNode->count = 1;
        3:   23:	newNode->link[0] = root;
        3:   24:	newNode->link[1] = child;
        3:   25:	return newNode;
        -:   26:}
        -:   27:
        -:   28:/* Places the value in appropriate position */
       27:   29:void addValToNode(int val, int pos, struct btreeNode *node,
        -:   30:		struct btreeNode *child) {
       27:   31:	int j = node->count;
       84:   32:	while (j > pos) {
       30:   33:		node->val[j + 1] = node->val[j];
       30:   34:		node->link[j + 1] = node->link[j];
       30:   35:		j--;
        -:   36:	}
       27:   37:	node->val[j + 1] = val;
       27:   38:	node->link[j + 1] = child;
       27:   39:	node->count++;
       27:   40:}
        -:   41:
        -:   42:/* split the node */
        7:   43:void splitNode (int val, int *pval, int pos, struct btreeNode *node,
        -:   44:		struct btreeNode *child, struct btreeNode **newNode) {
        -:   45:	int median, j;
        -:   46:
        7:   47:	if (pos > MIN)
        4:   48:		median = MIN + 1;
        -:   49:	else
        3:   50:		median = MIN;
        -:   51:
        7:   52:	*newNode = (struct btreeNode *)malloc(sizeof(struct btreeNode));
        7:   53:	j = median + 1;
       24:   54:	while (j <= MAX) {
       10:   55:		(*newNode)->val[j - median] = node->val[j];
       10:   56:		(*newNode)->link[j - median] = node->link[j];
       10:   57:		j++;
        -:   58:	}
        7:   59:	node->count = median;
        7:   60:	(*newNode)->count = MAX - median;
        -:   61:
        7:   62:	if (pos <= MIN) {
        3:   63:		addValToNode(val, pos, node, child);
        -:   64:	} else {
        4:   65:		addValToNode(val, pos - median, *newNode, child);
        -:   66:	}
        7:   67:	*pval = node->val[node->count];
        7:   68:	(*newNode)->link[0] = node->link[node->count];
        7:   69:	node->count--;
        7:   70:}
        -:   71:
        -:   72:/* sets the value val in the node */
      125:   73:int setValueInNode(int val, int *pval,
        -:   74:		struct btreeNode *node, struct btreeNode **child) {
        -:   75:
        -:   76:	int pos;
      125:   77:	if (!node) {
       23:   78:		*pval = val;
       23:   79:		*child = NULL;
       23:   80:		return 1;
        -:   81:	}
        -:   82:	
        -:   83:	// if (node->link[pos] == NULL) {
        -:   84:	// 	exit(1);
        -:   85:	// }
        -:   86:	
        -:   87:
      102:   88:	if (val < node->val[1]) {
       31:   89:		pos = 0;
        -:   90:	} else {
      215:   91:		for (pos = node->count;
      146:   92:				(val < node->val[pos] && pos > 1); pos--);
       71:   93:		if (val == node->val[pos]) {
       21:   94:			printf("Duplicates not allowed\n");
       21:   95:			return 0;
        -:   96:		}
        -:   97:	}
       81:   98:	if (setValueInNode(val, pval, node->link[pos], child)) {
       27:   99:		if (node->count < MAX) {
       20:  100:			addValToNode(*pval, pos, node, *child);
        -:  101:		} else {
        7:  102:			splitNode(*pval, pval, pos, node, *child, child);
        7:  103:			return 1;
        -:  104:		}
        -:  105:	}
       74:  106:	return 0;
        -:  107:}
        -:  108:
        -:  109:/* insert val in B-Tree */
       44:  110:void insertion(int val) {
       44:  111:	int flag, i;
       44:  112:	struct btreeNode *child;
        -:  113:
       44:  114:	flag = setValueInNode(val, &i, root, &child);
       44:  115:	if (flag)
        3:  116:		root = createNode(i, child);
       44:  117:}
        -:  118:
        -:  119:/* copy successor for the value to be deleted */
    #####:  120:void copySuccessor(struct btreeNode *myNode, int pos) {
        -:  121:	struct btreeNode *dummy;
    #####:  122:	dummy = myNode->link[pos];
        -:  123:
    #####:  124:	for (;dummy->link[0] != NULL;)
    #####:  125:		dummy = dummy->link[0];
    #####:  126:	myNode->val[pos] = dummy->val[1];
        -:  127:
    #####:  128:}
        -:  129:
        -:  130:/* removes the value from the given node and rearrange values */
        3:  131:void removeVal(struct btreeNode *myNode, int pos) {
        3:  132:	int i = pos + 1;
        8:  133:	while (i <= myNode->count) {
        2:  134:		myNode->val[i - 1] = myNode->val[i];
        2:  135:		myNode->link[i - 1] = myNode->link[i];
        2:  136:		i++;
        -:  137:	}
        3:  138:	myNode->count--;
        3:  139:}
        -:  140:
        -:  141:/* shifts value from parent to right child */
    #####:  142:void doRightShift(struct btreeNode *myNode, int pos) {
    #####:  143:	struct btreeNode *x = myNode->link[pos];
    #####:  144:	int j = x->count;
        -:  145:
    #####:  146:	while (j > 0) {
    #####:  147:		x->val[j + 1] = x->val[j];
    #####:  148:		x->link[j + 1] = x->link[j];
        -:  149:	}
    #####:  150:	x->val[1] = myNode->val[pos];
    #####:  151:	x->link[1] = x->link[0];
    #####:  152:	x->count++;
        -:  153:
    #####:  154:	x = myNode->link[pos - 1];
    #####:  155:	myNode->val[pos] = x->val[x->count];
    #####:  156:	myNode->link[pos] = x->link[x->count];
    #####:  157:	x->count--;
    #####:  158:	return;
        -:  159:}
        -:  160:
        -:  161:/* shifts value from parent to left child */
        2:  162:void doLeftShift(struct btreeNode *myNode, int pos) {
        2:  163:	int j = 1;
        2:  164:	struct btreeNode *x = myNode->link[pos - 1];
        -:  165:
        2:  166:	x->count++;
        2:  167:	x->val[x->count] = myNode->val[pos];
        2:  168:	x->link[x->count] = myNode->link[pos]->link[0];
        -:  169:
        2:  170:	x = myNode->link[pos];
        2:  171:	myNode->val[pos] = x->val[1];
        2:  172:	x->link[0] = x->link[1];
        2:  173:	x->count--;
        -:  174:
        9:  175:	while (j <= x->count) {
        5:  176:		x->val[j] = x->val[j + 1];
        5:  177:		x->link[j] = x->link[j + 1];
        5:  178:		j++;
        -:  179:	}
        2:  180:	return;
        -:  181:}
        -:  182:
        -:  183:/* merge nodes */
        1:  184:void mergeNodes(struct btreeNode *myNode, int pos) {
        1:  185:	int j = 1;
        1:  186:	struct btreeNode *x1 = myNode->link[pos], *x2 = myNode->link[pos - 1];
        -:  187:
        1:  188:	x2->count++;
        1:  189:	x2->val[x2->count] = myNode->val[pos];
        1:  190:	x2->link[x2->count] = myNode->link[0];
        -:  191:
        3:  192:	while (j <= x1->count) {
        1:  193:		x2->count++;
        1:  194:		x2->val[x2->count] = x1->val[j];
        1:  195:		x2->link[x2->count] = x1->link[j];
        1:  196:		j++;
        -:  197:	}
        -:  198:
        1:  199:	j = pos;
        2:  200:	while (j < myNode->count) {
    #####:  201:		myNode->val[j] = myNode->val[j + 1];
    #####:  202:		myNode->link[j] = myNode->link[j + 1];
    #####:  203:		j++;
        -:  204:	}
        1:  205:	myNode->count--;
        1:  206:	free(x1);
        1:  207:}
        -:  208:
        -:  209:/* adjusts the given node */
        3:  210:void adjustNode(struct btreeNode *myNode, int pos) {
        3:  211:	if (!pos) {
        2:  212:		if (myNode->link[1]->count > MIN) {
        2:  213:			doLeftShift(myNode, 1);
        -:  214:		} else {
    #####:  215:			mergeNodes(myNode, 1);
        -:  216:		}
        -:  217:	} else {
        1:  218:		if (myNode->count != pos) {
    #####:  219:			if(myNode->link[pos - 1]->count > MIN) {
    #####:  220:				doRightShift(myNode, pos);
        -:  221:			} else {
    #####:  222:				if (myNode->link[pos + 1]->count > MIN) {
    #####:  223:					doLeftShift(myNode, pos + 1);
        -:  224:				} else {
    #####:  225:					mergeNodes(myNode, pos);
        -:  226:				}
        -:  227:			}
        -:  228:		} else {
        1:  229:			if (myNode->link[pos - 1]->count > MIN)
    #####:  230:				doRightShift(myNode, pos);
        -:  231:			else
        1:  232:				mergeNodes(myNode, pos);
        -:  233:		}
        -:  234:	}
        3:  235:}
        -:  236:
        -:  237:/* delete val from the node */
       86:  238:int delValFromNode(int val, struct btreeNode *myNode) {
       86:  239:	int pos, flag = 0;
       86:  240:	if (myNode) {
       62:  241:		if (val < myNode->val[1]) {
       17:  242:			pos = 0;
       17:  243:			flag = 0;
        -:  244:		} else {
      113:  245:			for (pos = myNode->count;
       46:  246:					(val < myNode->val[pos] && pos > 1); pos--);
       45:  247:			if (val == myNode->val[pos]) {
        3:  248:				flag = 1;
        -:  249:			} else {
       42:  250:				flag = 0;
        -:  251:			}
        -:  252:		}
       62:  253:		if (flag) {
        3:  254:			if (myNode->link[pos - 1]) {
    #####:  255:				copySuccessor(myNode, pos);
    #####:  256:				flag = delValFromNode(myNode->val[pos], myNode->link[pos]);
    #####:  257:				if (flag == 0) {
    #####:  258:					printf("Given data is not present in B-Tree\n");
        -:  259:				}
        -:  260:			} else {
        3:  261:				removeVal(myNode, pos);
        -:  262:			}
        -:  263:		} else {
       59:  264:			flag = delValFromNode(val, myNode->link[pos]);
        -:  265:		}
       62:  266:		if (myNode->link[pos]) {
       35:  267:			if (myNode->link[pos]->count < MIN)
        3:  268:				adjustNode(myNode, pos);
        -:  269:		}
        -:  270:	}
       86:  271:	return flag;
        -:  272:}
        -:  273:
        -:  274:/* delete val from B-tree */
       27:  275:void deletion(int val, struct btreeNode *myNode) {
        -:  276:	struct btreeNode *tmp;
       27:  277:	if (!delValFromNode(val, myNode)) {
       24:  278:		printf("Given value is not present in B-Tree\n");
       24:  279:		return;
        -:  280:	} else {
        3:  281:		if (myNode->count == 0) {
    #####:  282:			tmp = myNode;
    #####:  283:			myNode = myNode->link[0];
    #####:  284:			free(tmp);
        -:  285:		}
        -:  286:	}
        3:  287:	root = myNode;
        3:  288:	return;
        -:  289:}
        -:  290:
        -:  291:/* search val in B-Tree */
       83:  292:void searching(int val, int *pos, struct btreeNode *myNode) {
       83:  293:	if (!myNode) {
       23:  294:		return;
        -:  295:	}
        -:  296:
       60:  297:	if (val < myNode->val[1]) {
       18:  298:		*pos = 0;
        -:  299:	} else {
      110:  300:		for (*pos = myNode->count;
       52:  301:				(val < myNode->val[*pos] && *pos > 1); (*pos)--);
       42:  302:		if (val == myNode->val[*pos]) {
        3:  303:			printf("Given data %d is present in B-Tree", val);
        3:  304:			return;
        -:  305:		}
        -:  306:	}
       57:  307:	searching(val, pos, myNode->link[*pos]);
       57:  308:	return;
        -:  309:}
        -:  310:
        -:  311:/* B-Tree Traversal */
    #####:  312:void traversal(struct btreeNode *myNode) {
        -:  313:	int i;
    #####:  314:	if (myNode) {
    #####:  315:		for (i = 0; i < myNode->count; i++) {
    #####:  316:			traversal(myNode->link[i]);
    #####:  317:			printf("%d ", myNode->val[i + 1]);
        -:  318:		}
    #####:  319:		traversal(myNode->link[i]);
        -:  320:	}
    #####:  321:}
        -:  322:
        1:  323:int main() {
        1:  324:	int val, ch;
        1:  325:	int cnt = NUM_TEST_INPUT;
      102:  326:	while (cnt--) {
      100:  327:		printf("1. Insertion\t2. Deletion\n");
      100:  328:		printf("3. Searching\t4. Traversal\n");
      100:  329:		printf("5. Exit\nEnter your choice:");
      100:  330:		scanf("%d", &ch);
      100:  331:		switch (ch) {
       44:  332:			case 1:
       44:  333:				printf("Enter your input:");
       44:  334:				scanf("%d", &val);
       44:  335:				insertion(val);
       44:  336:				break;
       27:  337:			case 2:
       27:  338:				printf("Enter the element to delete:");
       27:  339:				scanf("%d", &val);
       27:  340:				deletion(val, root);
       27:  341:				break;
       26:  342:			case 3:
       26:  343:				printf("Enter the element to search:");
       26:  344:				scanf("%d", &val);
       26:  345:				searching(val, &ch, root);
       26:  346:				break;
    #####:  347:			case 4:
    #####:  348:				traversal(root);
    #####:  349:				break;
    #####:  350:			case 5:
    #####:  351:				exit(0);
        3:  352:			default:
        3:  353:				printf("U have entered wrong option!!\n");
        3:  354:				break;
        -:  355:		}
      100:  356:		printf("\n");
        -:  357:	}
        -:  358:}
